<?xml version="1.0" encoding="UTF-8"?>
<!-- Generated by org.testng.reporters.JUnitReportReporter -->
<testsuite hostname="Balaji" failures="0" tests="1" name="com.microfocus.test.LoginUITest" time="45.831" errors="0" timestamp="2022-11-03T10:40:07 IST" skipped="0">
  <testcase classname="com.microfocus.test.LoginUITest" name="validateTitleTest" time="45.831"/>
  <system-out/>
</testsuite> <!-- com.microfocus.test.LoginUITest -->
