<?xml version="1.0" encoding="UTF-8"?>
<!-- Generated by org.testng.reporters.JUnitReportReporter -->
<testsuite hostname="Balaji" failures="0" tests="4" name="com.microfocus.test.LoginUITest" time="86.761" errors="0" timestamp="2022-11-02T16:50:10 IST" skipped="0">
  <testcase classname="com.microfocus.test.LoginUITest" name="validateTitleTest" time="30.991"/>
  <system-out/>
  <testcase classname="com.microfocus.test.LoginUITest" name="validateTitleTest" time="27.767"/>
  <system-out/>
  <testcase classname="com.microfocus.test.LoginUITest" name="validatePlaceholderTest" time="13.541"/>
  <system-out/>
  <testcase classname="com.microfocus.test.LoginUITest" name="validatePlaceholderTest" time="14.462"/>
  <system-out/>
</testsuite> <!-- com.microfocus.test.LoginUITest -->
