<?xml version="1.0" encoding="UTF-8"?>
<!-- Generated by org.testng.reporters.JUnitReportReporter -->
<testsuite hostname="Balaji" failures="0" tests="1" name="com.microfocus.utilities.JsonUtils" time="12.615" errors="0" timestamp="2022-11-02T21:46:09 IST" skipped="0">
  <testcase classname="com.microfocus.utilities.JsonUtils" name="getJsonIntoTwoDimArray2" time="12.615"/>
  <system-out/>
</testsuite> <!-- com.microfocus.utilities.JsonUtils -->
