<?xml version="1.0" encoding="UTF-8"?>
<!-- Generated by org.testng.reporters.JUnitReportReporter -->
<testsuite hostname="Balaji" failures="0" tests="1" name="com.microfocus.test.LoginUITest" time="10.311" errors="1" timestamp="2022-11-02T10:00:49 IST" skipped="0">
  <testcase classname="com.microfocus.test.LoginUITest" name="validateTitleTest" time="10.311">
    <error message="Method com.microfocus.test.LoginUITest.validateTitleTest() didn&#039;t finish within the time-out 1000" type="org.testng.internal.thread.ThreadTimeoutException">
      <![CDATA[org.testng.internal.thread.ThreadTimeoutException: Method com.microfocus.test.LoginUITest.validateTitleTest() didn't finish within the time-out 1000
at java.base@17.0.1/java.lang.Thread.sleep(Native Method)
at app//com.microfocus.test.LoginUITest.validateTitleTest(LoginUITest.java:13)
at java.base@17.0.1/jdk.internal.reflect.NativeMethodAccessorImpl.invoke0(Native Method)
at java.base@17.0.1/jdk.internal.reflect.NativeMethodAccessorImpl.invoke(NativeMethodAccessorImpl.java:77)
at java.base@17.0.1/jdk.internal.reflect.DelegatingMethodAccessorImpl.invoke(DelegatingMethodAccessorImpl.java:43)
at java.base@17.0.1/java.lang.reflect.Method.invoke(Method.java:568)
at app//org.testng.internal.invokers.MethodInvocationHelper.invokeMethod(MethodInvocationHelper.java:135)
at app//org.testng.internal.invokers.InvokeMethodRunnable.runOne(InvokeMethodRunnable.java:44)
at app//org.testng.internal.invokers.InvokeMethodRunnable.call(InvokeMethodRunnable.java:72)
at app//org.testng.internal.invokers.InvokeMethodRunnable.call(InvokeMethodRunnable.java:10)
at java.base@17.0.1/java.util.concurrent.FutureTask.run(FutureTask.java:264)
at java.base@17.0.1/java.util.concurrent.ThreadPoolExecutor.runWorker(ThreadPoolExecutor.java:1136)
at java.base@17.0.1/java.util.concurrent.ThreadPoolExecutor$Worker.run(ThreadPoolExecutor.java:635)
at java.base@17.0.1/java.lang.Thread.run(Thread.java:833)
]]>
    </error>
  </testcase> <!-- validateTitleTest -->
  <system-out/>
</testsuite> <!-- com.microfocus.test.LoginUITest -->
