<?xml version="1.0" encoding="UTF-8"?>
<!-- Generated by org.testng.reporters.JUnitReportReporter -->
<testsuite hostname="Balaji" failures="0" tests="1" name="com.microfocus.test.LoginTest" time="140.778" errors="0" timestamp="2022-11-02T17:37:07 IST" skipped="0">
  <testcase classname="com.microfocus.test.LoginTest" name="validLoginTest" time="140.778"/>
  <system-out/>
</testsuite> <!-- com.microfocus.test.LoginTest -->
