<?xml version="1.0" encoding="UTF-8"?>
<!-- Generated by org.testng.reporters.JUnitReportReporter -->
<testsuite hostname="Balaji" failures="0" tests="4" name="com.microfocus.test.LoginUITest" time="50.426" errors="0" timestamp="2022-11-02T15:34:38 IST" skipped="0">
  <testcase classname="com.microfocus.test.LoginUITest" name="validateTitleTest" time="19.307"/>
  <system-out/>
  <testcase classname="com.microfocus.test.LoginUITest" name="validateTitleTest" time="12.346"/>
  <system-out/>
  <testcase classname="com.microfocus.test.LoginUITest" name="validatePlaceholderTest" time="8.504"/>
  <system-out/>
  <testcase classname="com.microfocus.test.LoginUITest" name="validatePlaceholderTest" time="10.269"/>
  <system-out/>
</testsuite> <!-- com.microfocus.test.LoginUITest -->
