<?xml version="1.0" encoding="UTF-8"?>
<!-- Generated by org.testng.reporters.JUnitReportReporter -->
<testsuite hostname="Balaji" failures="0" tests="1" name="com.microfocus.test.LoginTest" time="26.704" errors="0" timestamp="2022-11-02T16:27:11 IST" skipped="0">
  <testcase classname="com.microfocus.test.LoginTest" name="validLoginTest" time="26.704"/>
  <system-out/>
</testsuite> <!-- com.microfocus.test.LoginTest -->
